This is pdfTeX, Version 3.14159265-2.6-1.40.16 (MiKTeX 2.9) (preloaded format=pdflatex 2015.11.1)  29 MAR 2016 11:40
entering extended mode
**final.tex
(final.tex
LaTeX2e <2015/01/01> patch level 2
Babel <3.9m> and hyphenation patterns for 69 languages loaded.
(sig-alternate-05-2015.cls
("C:\Program Files (x86)\MiKTeX 2.9\tex\latex\graphics\epsfig.sty"
Package: epsfig 1999/02/16 v1.7a (e)psfig emulation (SPQR)

("C:\Program Files (x86)\MiKTeX 2.9\tex\latex\graphics\graphicx.sty"
Package: graphicx 2014/10/28 v1.0g Enhanced LaTeX Graphics (DPC,SPQR)

("C:\Program Files (x86)\MiKTeX 2.9\tex\latex\graphics\keyval.sty"
Package: keyval 2014/10/28 v1.15 key=value parser (DPC)
\KV@toks@=\toks14
)
("C:\Program Files (x86)\MiKTeX 2.9\tex\latex\graphics\graphics.sty"
Package: graphics 2014/10/28 v1.0p Standard LaTeX Graphics (DPC,SPQR)

("C:\Program Files (x86)\MiKTeX 2.9\tex\latex\graphics\trig.sty"
Package: trig 1999/03/16 v1.09 sin cos tan (DPC)
)
("C:\Program Files (x86)\MiKTeX 2.9\tex\latex\00miktex\graphics.cfg"
File: graphics.cfg 2007/01/18 v1.5 graphics configuration of teTeX/TeXLive
)
Package graphics Info: Driver file: pdftex.def on input line 94.

("C:\Program Files (x86)\MiKTeX 2.9\tex\latex\pdftex-def\pdftex.def"
File: pdftex.def 2011/05/27 v0.06d Graphics/color for pdfTeX

("C:\Program Files (x86)\MiKTeX 2.9\tex\generic\oberdiek\infwarerr.sty"
Package: infwarerr 2010/04/08 v1.3 Providing info/warning/error messages (HO)
)
("C:\Program Files (x86)\MiKTeX 2.9\tex\generic\oberdiek\ltxcmds.sty"
Package: ltxcmds 2011/11/09 v1.22 LaTeX kernel commands for general use (HO)
)
\Gread@gobject=\count79
))
\Gin@req@height=\dimen102
\Gin@req@width=\dimen103
)
\epsfxsize=\dimen104
\epsfysize=\dimen105
)
("C:\Program Files (x86)\MiKTeX 2.9\tex\latex\amsfonts\amssymb.sty"
Package: amssymb 2013/01/14 v3.01 AMS font symbols

("C:\Program Files (x86)\MiKTeX 2.9\tex\latex\amsfonts\amsfonts.sty"
Package: amsfonts 2013/01/14 v3.01 Basic AMSFonts support
\@emptytoks=\toks15
\symAMSa=\mathgroup4
\symAMSb=\mathgroup5
LaTeX Font Info:    Overwriting math alphabet `\mathfrak' in version `bold'
(Font)                  U/euf/m/n --> U/euf/b/n on input line 106.
))
("C:\Program Files (x86)\MiKTeX 2.9\tex\latex\amsmath\amsmath.sty"
Package: amsmath 2013/01/14 v2.14 AMS math features
\@mathmargin=\skip41

For additional information on amsmath, use the `?' option.
("C:\Program Files (x86)\MiKTeX 2.9\tex\latex\amsmath\amstext.sty"
Package: amstext 2000/06/29 v2.01

("C:\Program Files (x86)\MiKTeX 2.9\tex\latex\amsmath\amsgen.sty"
File: amsgen.sty 1999/11/30 v2.0
\@emptytoks=\toks16
\ex@=\dimen106
))
("C:\Program Files (x86)\MiKTeX 2.9\tex\latex\amsmath\amsbsy.sty"
Package: amsbsy 1999/11/29 v1.2d
\pmbraise@=\dimen107
)
("C:\Program Files (x86)\MiKTeX 2.9\tex\latex\amsmath\amsopn.sty"
Package: amsopn 1999/12/14 v2.01 operator names
)
\inf@bad=\count80
LaTeX Info: Redefining \frac on input line 210.
\uproot@=\count81
\leftroot@=\count82
LaTeX Info: Redefining \overline on input line 306.
\classnum@=\count83
\DOTSCASE@=\count84
LaTeX Info: Redefining \ldots on input line 378.
LaTeX Info: Redefining \dots on input line 381.
LaTeX Info: Redefining \cdots on input line 466.
\Mathstrutbox@=\box26
\strutbox@=\box27
\big@size=\dimen108
LaTeX Font Info:    Redeclaring font encoding OML on input line 566.
LaTeX Font Info:    Redeclaring font encoding OMS on input line 567.
\macc@depth=\count85
\c@MaxMatrixCols=\count86
\dotsspace@=\muskip10
\c@parentequation=\count87
\dspbrk@lvl=\count88
\tag@help=\toks17
\row@=\count89
\column@=\count90
\maxfields@=\count91
\andhelp@=\toks18
\eqnshift@=\dimen109
\alignsep@=\dimen110
\tagshift@=\dimen111
\tagwidth@=\dimen112
\totwidth@=\dimen113
\lineht@=\dimen114
\@envbody=\toks19
\multlinegap=\skip42
\multlinetaggap=\skip43
\mathdisplay@stack=\toks20
LaTeX Info: Redefining \[ on input line 2665.
LaTeX Info: Redefining \] on input line 2666.
)
Document Class 'sig-alternate' <9th June '13>. Modified by G.K.M. Tobin/Gerry M
urray/Boris Veytsman
Based in part upon document Style `acmconf' <22 May 89>. Hacked 4/91 by
shivers@cs.cmu.edu, 4/93 by theobald@cs.mcgill.ca
Excerpts were taken from (Journal Style) 'esub2acm.cls'.
****** Bugs/comments/suggestions/technicalities to Gerry Murray -- murray@hq.ac
m.org ******
Questions on the style, SIGS policies, etc. to Adrienne Griscti griscti@acm.org

\ACM@basesize=\count92
("C:\Program Files (x86)\MiKTeX 2.9\tex\latex\comment\comment.sty"
\CommentStream=\write3

Excluding comment 'comment') Excluding comment 'CCSXML'
\footheight=\dimen115
\@maxsep=\dimen116
\@dblmaxsep=\dimen117

("C:\Program Files (x86)\MiKTeX 2.9\tex\generic\oberdiek\ifpdf.sty"
Package: ifpdf 2011/01/30 v2.3 Provides the ifpdf switch (HO)
Package ifpdf Info: pdfTeX in PDF mode is detected.
)
\aucount=\count93
\originalaucount=\count94
\auwidth=\dimen118
\auskip=\dimen119
\auskipcount=\count95
\auskip=\dimen120
\allauboxes=\dimen121
\addauthors=\toks21
\addauflag=\count96
\subtitletext=\toks22
\savesection=\count97
\sectioncntr=\count98
\c@figure=\count99
\c@table=\count100
\titleboxnotes=\toks23
\titleboxnoteflag=\count101


LaTeX Warning: You have requested document class `sig-alternate-05-2015',
               but the document class provides `sig-alternate'.

Document Class: sig-alternate 2013/05/12 v2.7 based on acmproc.cls V1.3 <Nov. 3
0 '99>
("C:\Program Files (x86)\MiKTeX 2.9\tex\latex\base\latexsym.sty"
Package: latexsym 1998/08/17 v2.2e Standard LaTeX package (lasy symbols)
\symlasy=\mathgroup6
LaTeX Font Info:    Overwriting symbol font `lasy' in version `bold'
(Font)                  U/lasy/m/n --> U/lasy/b/n on input line 52.
)
\@acmtitlebox=\box28
\titlenotecount=\count102
\tntoks=\toks24
\tntokstwo=\toks25
\tntoksthree=\toks26
\tntoksfour=\toks27
\tntoksfive=\toks28
\catcount=\count103
\copyrightnotice=\toks29
\conf=\toks30
\confinfo=\toks31
\c@part=\count104
\c@section=\count105
\c@subsection=\count106
\c@subsubsection=\count107
\c@paragraph=\count108

Using 'Abbrev' bibliography style
LaTeX Info: Redefining \cite on input line 1408.
\bibindent=\dimen122
\colcntr=\count109
\saveb@x=\box29
\copyrtyr=\toks32
\acmcopyr=\toks33
\boilerplate=\toks34
("C:\Program Files (x86)\MiKTeX 2.9\tex\latex\url\url.sty"
\Urlmuskip=\muskip11
Package: url 2013/09/16  ver 3.4  Verb mode for urls, etc.
) (acmcopyright.sty
Package: acmcopyright 2014/06/29 v1.2 Copyright statemens for ACM classes

("C:\Program Files (x86)\MiKTeX 2.9\tex\latex\xkeyval\xkeyval.sty"
Package: xkeyval 2014/12/03 v2.7a package option processing (HA)

("C:\Program Files (x86)\MiKTeX 2.9\tex\generic\xkeyval\xkeyval.tex"
("C:\Program Files (x86)\MiKTeX 2.9\tex\generic\xkeyval\xkvutils.tex"
\XKV@toks=\toks35
\XKV@tempa@toks=\toks36
)
\XKV@depth=\count110
File: xkeyval.tex 2014/12/03 v2.7a key=value parser (HA)
)))
\copyrightetc=\toks37

("C:\Program Files (x86)\MiKTeX 2.9\tex\latex\base\fontenc.sty"
Package: fontenc 2005/09/27 v1.99g Standard LaTeX package

("C:\Program Files (x86)\MiKTeX 2.9\tex\latex\base\t1enc.def"
File: t1enc.def 2005/09/27 v1.99g Standard LaTeX file
LaTeX Font Info:    Redeclaring font encoding T1 on input line 48.
)
LaTeX Font Info:    Try loading font information for T1+aer on input line 105.

("C:\Program Files (x86)\MiKTeX 2.9\tex\latex\ae\t1aer.fd"
File: t1aer.fd 1997/11/16 Font definitions for T1/aer.
)))
("C:\Program Files (x86)\MiKTeX 2.9\tex\latex\graphics\color.sty"
Package: color 2014/10/28 v1.1a Standard LaTeX Color (DPC)

("C:\Program Files (x86)\MiKTeX 2.9\tex\latex\00miktex\color.cfg"
File: color.cfg 2007/01/18 v1.5 color configuration of teTeX/TeXLive
)
Package color Info: Driver file: pdftex.def on input line 142.
)
("C:\Program Files (x86)\MiKTeX 2.9\tex\latex\multirow\multirow.sty"
\bigstrutjot=\dimen123
)
("C:\Program Files (x86)\MiKTeX 2.9\tex\latex\adjustbox\adjustbox.sty"
Package: adjustbox 2012/05/21 v1.0 Adjusting TeX boxes (trim, clip, ...)

("C:\Program Files (x86)\MiKTeX 2.9\tex\latex\adjustbox\adjcalc.sty"
Package: adjcalc 2012/05/16 v1.1 Provides advanced setlength with multiple back
-ends (calc, etex, pgfmath)
)
("C:\Program Files (x86)\MiKTeX 2.9\tex\latex\adjustbox\trimclip.sty"
Package: trimclip 2012/05/16 v1.0 Trim and clip general TeX material

("C:\Program Files (x86)\MiKTeX 2.9\tex\latex\collectbox\collectbox.sty"
Package: collectbox 2012/05/17 v0.4b Collect macro arguments as boxes
\collectedbox=\box30
)
\tc@llx=\dimen124
\tc@lly=\dimen125
\tc@urx=\dimen126
\tc@ury=\dimen127
Package trimclip Info: Using driver 'tc-pdftex.def'.

("C:\Program Files (x86)\MiKTeX 2.9\tex\latex\adjustbox\tc-pdftex.def"
File: tc-pdftex.def 2012/05/13 v1.0 Clipping driver for pdftex
))
\adjbox@Width=\dimen128
\adjbox@Height=\dimen129
\adjbox@Depth=\dimen130
\adjbox@Totalheight=\dimen131

("C:\Program Files (x86)\MiKTeX 2.9\tex\latex\ifoddpage\ifoddpage.sty"
Package: ifoddpage 2011/09/13 v1.0 Conditionals for odd/even page detection
\c@checkoddpage=\count111
)
("C:\Program Files (x86)\MiKTeX 2.9\tex\latex\ltxmisc\varwidth.sty"
Package: varwidth 2009/03/30 ver 0.92;  Variable-width minipages
\@vwid@box=\box31
\sift@deathcycles=\count112
\@vwid@loff=\dimen132
\@vwid@roff=\dimen133
))
(final.aux)
LaTeX Font Info:    Checking defaults for OML/cmm/m/it on input line 13.
LaTeX Font Info:    ... okay on input line 13.
LaTeX Font Info:    Checking defaults for T1/cmr/m/n on input line 13.
LaTeX Font Info:    ... okay on input line 13.
LaTeX Font Info:    Checking defaults for OT1/cmr/m/n on input line 13.
LaTeX Font Info:    ... okay on input line 13.
LaTeX Font Info:    Checking defaults for OMS/cmsy/m/n on input line 13.
LaTeX Font Info:    ... okay on input line 13.
LaTeX Font Info:    Checking defaults for OMX/cmex/m/n on input line 13.
LaTeX Font Info:    ... okay on input line 13.
LaTeX Font Info:    Checking defaults for U/cmr/m/n on input line 13.
LaTeX Font Info:    ... okay on input line 13.
 ("C:\Program Files (x86)\MiKTeX 2.9\tex\context\base\supp-pdf.mkii"
[Loading MPS to PDF converter (version 2006.09.02).]
\scratchcounter=\count113
\scratchdimen=\dimen134
\scratchbox=\box32
\nofMPsegments=\count114
\nofMParguments=\count115
\everyMPshowfont=\toks38
\MPscratchCnt=\count116
\MPscratchDim=\dimen135
\MPnumerator=\count117
\makeMPintoPDFobject=\count118
\everyMPtoPDFconversion=\toks39
)
LaTeX Font Info:    Try loading font information for U+msa on input line 46.
 ("C:\Program Files (x86)\MiKTeX 2.9\tex\latex\amsfonts\umsa.fd"
File: umsa.fd 2013/01/14 v3.01 AMS symbols A
)
LaTeX Font Info:    Try loading font information for U+msb on input line 46.

("C:\Program Files (x86)\MiKTeX 2.9\tex\latex\amsfonts\umsb.fd"
File: umsb.fd 2013/01/14 v3.01 AMS symbols B
)
LaTeX Font Info:    Try loading font information for U+lasy on input line 46.

("C:\Program Files (x86)\MiKTeX 2.9\tex\latex\base\ulasy.fd"
File: ulasy.fd 1998/08/17 v2.2e LaTeX symbol font definitions
)
LaTeX Font Info:    Try loading font information for T1+ptm on input line 46.

("C:\Program Files (x86)\MiKTeX 2.9\tex\latex\psnfss\t1ptm.fd"
File: t1ptm.fd 2001/06/04 font definitions for T1/ptm.
)
LaTeX Font Info:    Try loading font information for OMS+ptm on input line 46.

("C:\Program Files (x86)\MiKTeX 2.9\tex\latex\psnfss\omsptm.fd"
File: omsptm.fd 
)
LaTeX Font Info:    Font shape `OMS/ptm/m/n' in size <7> not available
(Font)              Font shape `OMS/cmsy/m/n' tried instead on input line 46.

Overfull \hbox (1.18565pt too wide) in paragraph at lines 61--62
\T1/aer/m/n/9 looks at failure-prediction met-rics for pre-dic-tion of bug-pron
e
 []


Overfull \hbox (2.34692pt too wide) in paragraph at lines 63--64
\T1/aer/m/n/9 study only an-a-lyzes the closed-source project Win-dows Vista.
 []


Overfull \hbox (3.53482pt too wide) in paragraph at lines 67--70
\T1/aer/m/n/9 al.'s study of developer-module net-works on failure-prediction
 []


Underfull \vbox (badness 10000) has occurred while \output is active []

 [1{C:/Users/Bryan/AppData/Local/MiKTeX/2.9/pdftex/config/pdftex.map}


]

LaTeX Warning: Citation `Bird:Sociotechnical' on page \thepage  undefined on in
put line 80.


Overfull \hbox (1.6991pt too wide) in paragraph at lines 80--81
\T1/aer/m/n/9 module) net-works and de-pen-dency net-works called so-ciotech-
 []

<network.jpg, id=15, 441.90094pt x 233.37187pt>
File: network.jpg Graphic file (type jpg)
 <use network.jpg>
Package pdftex.def Info: network.jpg used on input line 89.
(pdftex.def)             Requested size: 220.94992pt x 116.68564pt.
 [2 <./network.jpg>]
Overfull \hbox (4.55919pt too wide) in paragraph at lines 117--118
\T1/aer/m/n/9 repos-i-to-ries in-creases, sev-eral dif-fer-ent so-lu-tions have
 emerged
 []

[3]
Overfull \hbox (3.19316pt too wide) in paragraph at lines 137--138
[]\T1/aer/m/n/9 In ad-di-tion to con-struct-ing the developer-module net-works,

 []


Overfull \hbox (1.23138pt too wide) in paragraph at lines 140--141
[]\T1/aer/m/n/9 Once the developer-module net-works were con-structed and
 []


Overfull \hbox (10.60927pt too wide) in paragraph at lines 143--144
[]\T1/aer/m/n/9 To an-swer the sec-ond re-search ques-tion of whether developer
-
 []


Overfull \hbox (5.24504pt too wide) in paragraph at lines 151--152
\T1/aer/m/n/9 project data from the Boa web-site for a spe-cific list of projec
ts.
 []


Overfull \hbox (2.38324pt too wide) in paragraph at lines 154--155
[]\T1/aer/m/n/9 The Boa miner com-po-nent is re-spon-si-ble for pulling project

 []

<boa_miner.png, id=28, 268.50313pt x 158.09062pt>
File: boa_miner.png Graphic file (type png)
 <use boa_miner.png>
Package pdftex.def Info: boa_miner.png used on input line 158.
(pdftex.def)             Requested size: 255.0765pt x 150.18523pt.

Overfull \hbox (15.0765pt too wide) in paragraph at lines 158--159
 [][] 
 []

[4] <er_database.pdf, id=33, 424.58624pt x 214.8025pt>
File: er_database.pdf Graphic file (type pdf)
 <use er_database.pdf>
Package pdftex.def Info: er_database.pdf used on input line 170.
(pdftex.def)             Requested size: 212.2926pt x 107.40099pt.

Overfull \hbox (3.00432pt too wide) in paragraph at lines 176--177
[]\T1/aer/m/n/9 The so-cial net-work builder com-po-nent car-ries out the brunt

 []


Overfull \hbox (1.50986pt too wide) in paragraph at lines 176--177
\T1/aer/m/n/9 con-structs a developer-module net-work for a spec-i-fied project

 []


Overfull \hbox (7.36902pt too wide) in paragraph at lines 178--179
\T1/aer/m/n/9 open-source li-braries in-clud-ing Java Uni-ver-sal Net-work/Grap
h
 []


Overfull \hbox (9.31314pt too wide) in paragraph at lines 182--183
\T1/aer/m/n/9 here were ob-tained through metic-u-lously fol-low-ing the method
-
 []


Overfull \hbox (8.37512pt too wide) in paragraph at lines 200--201
[]\T1/aer/m/n/9 Based on all these con-sid-er-a-tions, we se-lected fif-teen pr
ojects
 []

[5 <./boa_miner.png> <./er_database.pdf>]

pdfTeX warning: pdflatex (file ./gerrit_precision.pdf): PDF inclusion: found PD
F version <1.7>, but at most version <1.5> allowed
<gerrit_precision.pdf, id=63, 701.56102pt x 414.3781pt>
File: gerrit_precision.pdf Graphic file (type pdf)

<use gerrit_precision.pdf>
Package pdftex.def Info: gerrit_precision.pdf used on input line 288.
(pdftex.def)             Requested size: 245.55003pt x 145.0345pt.


pdfTeX warning: pdflatex (file ./gerrit_recall.pdf): PDF inclusion: found PDF v
ersion <1.7>, but at most version <1.5> allowed
<gerrit_recall.pdf, id=64, 699.57362pt x 415.37183pt>
File: gerrit_recall.pdf Graphic file (type pdf)
 <use gerrit_recall.pdf>
Package pdftex.def Info: gerrit_recall.pdf used on input line 289.
(pdftex.def)             Requested size: 244.85443pt x 145.38231pt.

Overfull \hbox (5.55003pt too wide) in paragraph at lines 288--291
 [][] 
 []


Overfull \hbox (4.85443pt too wide) in paragraph at lines 288--291
 [] 
 []

[6] [7 <./gerrit_precision.pdf> <./gerrit_recall.pdf>] (final.bbl
Underfull \vbox (badness 1558) has occurred while \output is active []

) [8]
(final.aux) ) 
Here is how much of TeX's memory you used:
 3493 strings out of 493673
 45765 string characters out of 3141530
 129661 words of memory out of 3000000
 6723 multiletter control sequences out of 15000+200000
 58621 words of font info for 81 fonts, out of 3000000 for 9000
 1025 hyphenation exceptions out of 8191
 41i,11n,34p,1349b,476s stack positions out of 5000i,500n,10000p,200000b,50000s
{C:/Program Files (x86)/MiKTeX 2.9/fonts/enc/dvips/fontname/8r.enc
}<C:/Program Files (x86)/MiKTeX 2.9/fonts/type1/public/amsfonts/cm/cmbx9.pfb><C
:/Program Files (x86)/MiKTeX 2.9/fonts/type1/public/amsfonts/cm/cmbxti10.pfb><C
:/Program Files (x86)/MiKTeX 2.9/fonts/type1/public/amsfonts/cmextra/cmex9.pfb>
<C:/Program Files (x86)/MiKTeX 2.9/fonts/type1/public/amsfonts/cm/cmmi6.pfb><C:
/Program Files (x86)/MiKTeX 2.9/fonts/type1/public/amsfonts/cm/cmmi9.pfb><C:/Pr
ogram Files (x86)/MiKTeX 2.9/fonts/type1/public/amsfonts/cm/cmr6.pfb><C:/Progra
m Files (x86)/MiKTeX 2.9/fonts/type1/public/amsfonts/cm/cmr8.pfb><C:/Program Fi
les (x86)/MiKTeX 2.9/fonts/type1/public/amsfonts/cm/cmr9.pfb><C:/Program Files 
(x86)/MiKTeX 2.9/fonts/type1/public/amsfonts/cm/cmsy6.pfb><C:/Program Files (x8
6)/MiKTeX 2.9/fonts/type1/public/amsfonts/cm/cmsy7.pfb><C:/Program Files (x86)/
MiKTeX 2.9/fonts/type1/public/amsfonts/cm/cmsy9.pfb><C:/Program Files (x86)/MiK
TeX 2.9/fonts/type1/public/amsfonts/cm/cmti9.pfb><C:/Program Files (x86)/MiKTeX
 2.9/fonts/type1/urw/helvetic/uhvb8a.pfb><C:/Program Files (x86)/MiKTeX 2.9/fon
ts/type1/urw/helvetic/uhvr8a.pfb><C:/Program Files (x86)/MiKTeX 2.9/fonts/type1
/urw/times/utmb8a.pfb><C:/Program Files (x86)/MiKTeX 2.9/fonts/type1/urw/times/
utmr8a.pfb><C:/Program Files (x86)/MiKTeX 2.9/fonts/type1/urw/times/utmri8a.pfb
>
Output written on final.pdf (8 pages, 589068 bytes).
PDF statistics:
 152 PDF objects out of 1000 (max. 8388607)
 0 named destinations out of 1000 (max. 500000)
 26 words of extra memory for PDF output out of 10000 (max. 10000000)

